Warning: Running a server with --disable-host-check is a security risk. See https://medium.com/webpack/webpack-dev-server-middleware-security-issues-1489d950874a for more information.
- Generating browser application bundles (phase: setup)...
✔ Browser application bundle generation complete.

Initial chunk files                                                           | Names                                                           |  Raw size
vendor.js                                                                     | vendor                                                          |   3.04 MB | 
polyfills.js                                                                  | polyfills                                                       | 262.58 kB | 
styles.css, styles.js                                                         | styles                                                          | 197.15 kB | 
main.js                                                                       | main                                                            |  50.33 kB | 
runtime.js                                                                    | runtime                                                         |  12.63 kB | 

                                                                              | Initial total                                                   |   3.55 MB

Lazy chunk files                                                              | Names                                                           |  Raw size
src_app_pages_forecasting-dashboard_forecasting-dashboard_component_ts.js     | pages-forecasting-dashboard-forecasting-dashboard-component     | 103.35 kB | 
src_app_pages_trading-dashboard_trading-dashboard_component_ts.js             | pages-trading-dashboard-trading-dashboard-component             |  74.97 kB | 
src_app_pages_symbol-management_symbol-management_component_ts.js             | pages-symbol-management-symbol-management-component             |  68.73 kB | 
src_app_pages_ensemble-blender_ensemble-blender_component_ts.js               | pages-ensemble-blender-ensemble-blender-component               |  58.08 kB | 
src_app_pages_rl-strategy-agent_rl-strategy-agent_component_ts.js             | pages-rl-strategy-agent-rl-strategy-agent-component             |  54.38 kB | 
src_app_pages_latent-pattern-detector_latent-pattern-detector_component_ts.js | pages-latent-pattern-detector-latent-pattern-detector-component |  50.68 kB | 
src_app_pages_meta-evaluation-agent_meta-evaluation-agent_component_ts.js     | pages-meta-evaluation-agent-meta-evaluation-agent-component     |  50.26 kB | 
src_app_pages_rag-event-agent_rag-event-agent_component_ts.js                 | pages-rag-event-agent-rag-event-agent-component                 |  38.82 kB | 
src_app_pages_agent-router_agent-router_component_ts.js                       | pages-agent-router-agent-router-component                       |  37.57 kB | 
src_app_pages_agent-monitor_agent-monitor_component_ts.js                     | pages-agent-monitor-agent-monitor-component                     |  34.90 kB | 
src_app_pages_portfolio_portfolio_component_ts.js                             | pages-portfolio-portfolio-component                             |  30.70 kB | 
src_app_pages_reports_reports_component_ts.js                                 | pages-reports-reports-component                                 |  29.88 kB | 
src_app_pages_settings_settings_component_ts.js                               | pages-settings-settings-component                               |  23.89 kB | 
src_app_pages_analytics_analytics_component_ts.js                             | pages-analytics-analytics-component                             |  23.62 kB | 
src_app_pages_ticker-discovery_ticker-discovery_component_ts.js               | pages-ticker-discovery-ticker-discovery-component               |  23.26 kB | 
src_app_pages_system-status_system-status_component_ts.js                     | pages-system-status-system-status-component                     |  22.91 kB | 
src_app_pages_predictions_predictions_component_ts.js                         | pages-predictions-predictions-component                         |  22.44 kB | 
src_app_pages_ab-testing_ab-testing_component_ts.js                           | pages-ab-testing-ab-testing-component                           |  21.07 kB | 
src_app_pages_risk-analysis_risk-analysis_component_ts.js                     | pages-risk-analysis-risk-analysis-component                     |  20.72 kB | 
src_app_pages_agents_agents_component_ts.js                                   | pages-agents-agents-component                                   |  19.72 kB | 
src_app_pages_dashboard_dashboard_component_ts.js                             | pages-dashboard-dashboard-component                             |  18.14 kB | 
src_app_pages_execution-agent_execution-agent_component_ts.js                 | pages-execution-agent-execution-agent-component                 |  13.91 kB | 

Build at: 2025-09-26T19:11:47.921Z - Hash: 1b93747d72441dcb - Time: 3205ms

Warning: src/app/pages/portfolio/portfolio.component.ts:186:181 - warning NG8107: The left side of this optional chain operation does not include 'null' or 'undefined' in its type, therefore the '?.' operator can be replaced with the '.' operator.

186               <div *ngIf="!portfolio.holdings || portfolio.holdings.length === 0" class="text-center p-4 bg-gray-50 rounded-lg">Let me check the holdings... {{ portfolio.holdings?.length || 'No holdings' }}</div>
                                                                                                                                                                                        ~~~~~~


Warning: src/app/pages/portfolio/portfolio.component.ts:197:94 - warning NG8107: The left side of this optional chain operation does not include 'null' or 'undefined' in its type, therefore the '?.' operator can be replaced with the '.' operator.

197                         <span class="text-sm font-semibold text-gray-700">{{ holding.weight?.toFixed(1) || 0 }}%</span>
                                                                                                 ~~~~~~~




** Angular Live Development Server is listening on 0.0.0.0:4200, open your browser on http://localhost:4200/ **


✔ Compiled successfully.
✔ Browser application bundle generation complete.

Initial chunk files | Names   | Raw size
runtime.js          | runtime | 12.63 kB | 

26 unchanged chunks

Build at: 2025-09-26T19:11:48.549Z - Hash: b4ee4f5c5e9e8ee0 - Time: 568ms

Warning: src/app/pages/portfolio/portfolio.component.ts:186:181 - warning NG8107: The left side of this optional chain operation does not include 'null' or 'undefined' in its type, therefore the '?.' operator can be replaced with the '.' operator.

186               <div *ngIf="!portfolio.holdings || portfolio.holdings.length === 0" class="text-center p-4 bg-gray-50 rounded-lg">Let me check the holdings... {{ portfolio.holdings?.length || 'No holdings' }}</div>
                                                                                                                                                                                        ~~~~~~


Warning: src/app/pages/portfolio/portfolio.component.ts:197:94 - warning NG8107: The left side of this optional chain operation does not include 'null' or 'undefined' in its type, therefore the '?.' operator can be replaced with the '.' operator.

197                         <span class="text-sm font-semibold text-gray-700">{{ holding.weight?.toFixed(1) || 0 }}%</span>
                                                                                                 ~~~~~~~




✔ Compiled successfully.
✔ Browser application bundle generation complete.

Initial chunk files                               | Names                               | Raw size
runtime.js                                        | runtime                             | 12.63 kB | 

Lazy chunk files                                  | Names                               | Raw size
src_app_pages_portfolio_portfolio_component_ts.js | pages-portfolio-portfolio-component | 30.68 kB | 

25 unchanged chunks

Build at: 2025-09-26T19:12:56.758Z - Hash: ad06bc6a94295074 - Time: 494ms

Warning: src/app/pages/portfolio/portfolio.component.ts:197:94 - warning NG8107: The left side of this optional chain operation does not include 'null' or 'undefined' in its type, therefore the '?.' operator can be replaced with the '.' operator.

197                         <span class="text-sm font-semibold text-gray-700">{{ holding.weight?.toFixed(1) || 0 }}%</span>
                                                                                                 ~~~~~~~




✔ Compiled successfully.
✔ Browser application bundle generation complete.

Initial chunk files                               | Names                               | Raw size
runtime.js                                        | runtime                             | 12.63 kB | 

Lazy chunk files                                  | Names                               | Raw size
src_app_pages_portfolio_portfolio_component_ts.js | pages-portfolio-portfolio-component | 30.66 kB | 

25 unchanged chunks

Build at: 2025-09-26T19:12:59.374Z - Hash: b1bb76b8f8523ae9 - Time: 327ms

✔ Compiled successfully.
✔ Browser application bundle generation complete.

Initial chunk files                               | Names                               | Raw size
runtime.js                                        | runtime                             | 12.63 kB | 

Lazy chunk files                                  | Names                               | Raw size
src_app_pages_portfolio_portfolio_component_ts.js | pages-portfolio-portfolio-component | 30.66 kB | 

25 unchanged chunks

Build at: 2025-09-26T19:13:07.341Z - Hash: bbf62b968dbd9b3d - Time: 331ms

✔ Compiled successfully.
✔ Browser application bundle generation complete.

Initial chunk files                               | Names                               | Raw size
runtime.js                                        | runtime                             | 12.63 kB | 

Lazy chunk files                                  | Names                               | Raw size
src_app_pages_portfolio_portfolio_component_ts.js | pages-portfolio-portfolio-component | 30.34 kB | 

25 unchanged chunks

Build at: 2025-09-26T19:13:59.556Z - Hash: 90d03c3d1326ce70 - Time: 465ms

✔ Compiled successfully.
✔ Browser application bundle generation complete.

Initial chunk files                               | Names                               | Raw size
runtime.js                                        | runtime                             | 12.63 kB | 

Lazy chunk files                                  | Names                               | Raw size
src_app_pages_portfolio_portfolio_component_ts.js | pages-portfolio-portfolio-component | 30.33 kB | 

25 unchanged chunks

Build at: 2025-09-26T19:14:02.854Z - Hash: bc626fc0489cfaa2 - Time: 334ms

✔ Compiled successfully.
✔ Browser application bundle generation complete.

Initial chunk files                               | Names                               | Raw size
runtime.js                                        | runtime                             | 12.63 kB | 

Lazy chunk files                                  | Names                               | Raw size
src_app_pages_portfolio_portfolio_component_ts.js | pages-portfolio-portfolio-component | 30.36 kB | 

25 unchanged chunks

Build at: 2025-09-26T19:14:06.548Z - Hash: 237e4e0d5023ffb6 - Time: 297ms

Warning: src/app/pages/portfolio/portfolio.component.ts:194:86 - warning NG8107: The left side of this optional chain operation does not include 'null' or 'undefined' in its type, therefore the '?.' operator can be replaced with the '.' operator.

194                       <span class="text-white text-xs font-bold">{{ (holding.symbol?.length > 4 ? holding.symbol.substring(0, 4) : holding.symbol) }}</span>
                                                                                         ~~~~~~




Error: src/app/pages/portfolio/portfolio.component.ts:194:70 - error TS2532: Object is possibly 'undefined'.

194                       <span class="text-white text-xs font-bold">{{ (holding.symbol?.length > 4 ? holding.symbol.substring(0, 4) : holding.symbol) }}</span>
                                                                         ~~~~~~~~~~~~~~~~~~~~~~~~~~




✖ Failed to compile.
✔ Browser application bundle generation complete.

Initial chunk files                               | Names                               | Raw size
runtime.js                                        | runtime                             | 12.63 kB | 

Lazy chunk files                                  | Names                               | Raw size
src_app_pages_portfolio_portfolio_component_ts.js | pages-portfolio-portfolio-component | 30.44 kB | 

25 unchanged chunks

Build at: 2025-09-26T19:14:11.183Z - Hash: 0c22719cdd851de8 - Time: 270ms

Warning: src/app/pages/portfolio/portfolio.component.ts:194:86 - warning NG8107: The left side of this optional chain operation does not include 'null' or 'undefined' in its type, therefore the '?.' operator can be replaced with the '.' operator.

194                       <span class="text-white text-xs font-bold">{{ (holding.symbol?.length > 4 ? holding.symbol.substring(0, 4) : holding.symbol) }}</span>
                                                                                         ~~~~~~


Warning: src/app/pages/portfolio/portfolio.component.ts:212:104 - warning NG8107: The left side of this optional chain operation does not include 'null' or 'undefined' in its type, therefore the '?.' operator can be replaced with the '.' operator.

212                           <span class="font-medium">{{ (holding.quantity || 0).toFixed(holding.symbol?.includes('-USD') ? 6 : 0) }} {{ holding.symbol?.includes('-USD') ? 'coins' : 'shares' }}</span>
                                                                                                           ~~~~~~~~


Warning: src/app/pages/portfolio/portfolio.component.ts:212:152 - warning NG8107: The left side of this optional chain operation does not include 'null' or 'undefined' in its type, therefore the '?.' operator can be replaced with the '.' operator.

212                           <span class="font-medium">{{ (holding.quantity || 0).toFixed(holding.symbol?.includes('-USD') ? 6 : 0) }} {{ holding.symbol?.includes('-USD') ? 'coins' : 'shares' }}</span>
                                                                                                                                                           ~~~~~~~~




Error: src/app/pages/portfolio/portfolio.component.ts:194:70 - error TS2532: Object is possibly 'undefined'.

194                       <span class="text-white text-xs font-bold">{{ (holding.symbol?.length > 4 ? holding.symbol.substring(0, 4) : holding.symbol) }}</span>
                                                                         ~~~~~~~~~~~~~~~~~~~~~~~~~~




✖ Failed to compile.
✔ Browser application bundle generation complete.

Initial chunk files                               | Names                               | Raw size
runtime.js                                        | runtime                             | 12.63 kB | 

Lazy chunk files                                  | Names                               | Raw size
src_app_pages_portfolio_portfolio_component_ts.js | pages-portfolio-portfolio-component | 30.48 kB | 

25 unchanged chunks

Build at: 2025-09-26T19:14:14.786Z - Hash: aef6856a68680f20 - Time: 282ms

Warning: src/app/pages/portfolio/portfolio.component.ts:194:86 - warning NG8107: The left side of this optional chain operation does not include 'null' or 'undefined' in its type, therefore the '?.' operator can be replaced with the '.' operator.

194                       <span class="text-white text-xs font-bold">{{ (holding.symbol?.length > 4 ? holding.symbol.substring(0, 4) : holding.symbol) }}</span>
                                                                                         ~~~~~~


Warning: src/app/pages/portfolio/portfolio.component.ts:212:104 - warning NG8107: The left side of this optional chain operation does not include 'null' or 'undefined' in its type, therefore the '?.' operator can be replaced with the '.' operator.

212                           <span class="font-medium">{{ (holding.quantity || 0).toFixed(holding.symbol?.includes('-USD') ? 6 : 0) }} {{ holding.symbol?.includes('-USD') ? 'coins' : 'shares' }}</span>
                                                                                                           ~~~~~~~~


Warning: src/app/pages/portfolio/portfolio.component.ts:212:152 - warning NG8107: The left side of this optional chain operation does not include 'null' or 'undefined' in its type, therefore the '?.' operator can be replaced with the '.' operator.

212                           <span class="font-medium">{{ (holding.quantity || 0).toFixed(holding.symbol?.includes('-USD') ? 6 : 0) }} {{ holding.symbol?.includes('-USD') ? 'coins' : 'shares' }}</span>
                                                                                                                                                           ~~~~~~~~




Error: src/app/pages/portfolio/portfolio.component.ts:194:70 - error TS2532: Object is possibly 'undefined'.

194                       <span class="text-white text-xs font-bold">{{ (holding.symbol?.length > 4 ? holding.symbol.substring(0, 4) : holding.symbol) }}</span>
                                                                         ~~~~~~~~~~~~~~~~~~~~~~~~~~




✖ Failed to compile.
